<?xml version="1.0" encoding="UTF-8"?>
<!-- Generated by org.testng.reporters.JUnitReportReporter -->
<testsuite hostname="DESKTOP-539JNK2" failures="0" tests="2" name="Automate_WebApplication.FaceBook_Ecommerece" time="134.821" errors="0" timestamp="2022-10-18T16:43:51 IST" skipped="0">
  <testcase classname="Automate_WebApplication.FaceBook_Ecommerece" name="ChromeE_Commerece" time="59.212"/>
  <system-out/>
  <testcase classname="Automate_WebApplication.FaceBook_Ecommerece" name="FireFox_ECommerece" time="75.609"/>
  <system-out/>
</testsuite> <!-- Automate_WebApplication.FaceBook_Ecommerece -->
